
2025-11-28T10:01:12Z alice GET /api/items 200
2025-11-28T10:01:13Z bob POST /api/login 200
2025-11-28T10:01:15Z alice GET /api/items/42 200
2025-11-28T10:01:18Z charlie GET /api/items 500
2025-11-28T10:02:01Z alice POST /api/items 201
2025-11-28T10:02:05Z bob GET /api/profile 200
2025-11-28T10:02:06Z diana GET /api/items 200
2025-11-28T10:02:09Z bob GET /api/items 200
2025-11-28T10:02:10Z eve DELETE /api/items/42 403
2025-11-28T10:02:20Z alice GET /api/items 200
2025-11-28T10:02:30Z eve GET /api/items 200
2025-11-28T10:02:35Z bob GET /api/items/42 404
2025-11-28T10:02:40Z charlie POST /api/items 500
2025-11-28T10:02:45Z diana GET /api/profile 200
2025-11-28T10:02:50Z alice GET /api/profile 200
2025-11-28T10:03:01Z frank GET /health 200
2025-11-28T10:03:05Z frank GET /api/items 200
2025-11-28T10:03:10Z frank GET /api/items 200
BROKEN_LINE this is not a valid log entry

2025-11-28T10:03:20Z alice GET /api/items 200